<?xml version="1.0" encoding="UTF-8"?>
<!-- Generated by org.testng.reporters.JUnitReportReporter -->
<testsuite hostname="DESKTOP-6PLE54C" failures="0" tests="1" name="com.mystore.testcases.AddToCartPageTest" time="50.602" errors="0" timestamp="2021-12-17T16:12:11 IST" skipped="0">
  <testcase classname="com.mystore.testcases.AddToCartPageTest" name="addToCartTest" time="50.602"/>
  <system-out/>
</testsuite> <!-- com.mystore.testcases.AddToCartPageTest -->
