<?xml version="1.0" encoding="UTF-8"?>
<!-- Generated by org.testng.reporters.JUnitReportReporter -->
<testsuite hostname="DESKTOP-6PLE54C" failures="0" tests="2" name="com.mystore.testcases.HomePageTest" time="41.743" errors="0" timestamp="2021-12-17T16:12:11 IST" skipped="0">
  <testcase classname="com.mystore.testcases.HomePageTest" name="wishListTest" time="23.039"/>
  <system-out/>
  <testcase classname="com.mystore.testcases.HomePageTest" name="orderHistoryandDetailsTest" time="18.704"/>
  <system-out/>
</testsuite> <!-- com.mystore.testcases.HomePageTest -->
